<?xml version="1.0" encoding="UTF-8" ?>
<testsuite errors="0" failures="1" hostname="Aspire-F5-573" name="exercicio.ValoresTest" skipped="0" tests="2" time="0.093" timestamp="2023-03-26T20:50:04">
  <properties>
    <property name="build.test.dir" value="/home/jocean/eclipse-workspace/exercicio/bin/tests" />
    <property name="ant.library.dir" value="/snap/eclipse/66/plugins/org.apache.ant_1.10.12.v20211102-1452/lib" />
    <property name="java.specification.version" value="17" />
    <property name="ant.project.name" value="Sample Project" />
    <property name="sun.jnu.encoding" value="UTF-8" />
    <property name="java.class.path" value="/home/jocean/eclipse-workspace/exercicio/lib/junit-4.12.jar:/home/jocean/eclipse-workspace/exercicio/lib/hamcrest-core-1.3.jar:/home/jocean/eclipse-workspace/exercicio/bin:/home/jocean/eclipse-workspace/exercicio/bin/tests:/snap/eclipse/66/plugins/org.apache.ant_1.10.12.v20211102-1452/lib/ant-launcher.jar:/snap/eclipse/66/plugins/org.apache.ant_1.10.12.v20211102-1452/lib/ant.jar:/snap/eclipse/66/plugins/org.apache.ant_1.10.12.v20211102-1452/lib/ant-junit.jar:/snap/eclipse/66/plugins/org.apache.ant_1.10.12.v20211102-1452/lib/ant-junit4.jar" />
    <property name="java.vm.vendor" value="Eclipse Adoptium" />
    <property name="sun.arch.data.model" value="64" />
    <property name="java.vendor.url" value="https://adoptium.net/" />
    <property name="source.dir" value="/home/jocean/eclipse-workspace/exercicio/src" />
    <property name="ant.file.type.Sample Project" value="file" />
    <property name="java.vm.specification.version" value="17" />
    <property name="os.name" value="Linux" />
    <property name="sun.java.launcher" value="SUN_STANDARD" />
    <property name="user.country" value="BR" />
    <property name="sun.boot.library.path" value="/snap/eclipse/66/plugins/org.eclipse.justj.openjdk.hotspot.jre.full.linux.x86_64_17.0.5.v20221102-0933/jre/lib" />
    <property name="sun.java.command" value="org.apache.tools.ant.taskdefs.optional.junit.JUnitTestRunner exercicio.ValoresTest skipNonTests=false filtertrace=true haltOnError=false haltOnFailure=false formatter=org.apache.tools.ant.taskdefs.optional.junit.SummaryJUnitResultFormatter showoutput=false outputtoformatters=true logfailedtests=true threadid=0 logtestlistenerevents=false formatter=org.apache.tools.ant.taskdefs.optional.junit.XMLJUnitResultFormatter,/home/jocean/eclipse-workspace/exercicio/recordtest/TEST-exercicio.ValoresTest.xml crashfile=/home/jocean/eclipse-workspace/exercicio/junitvmwatcher8046612186434091151.properties propsfile=/home/jocean/eclipse-workspace/exercicio/junit1385826038160145643.properties" />
    <property name="jdk.debug" value="release" />
    <property name="test.dir" value="/home/jocean/eclipse-workspace/exercicio/src" />
    <property name="sun.cpu.endian" value="little" />
    <property name="user.home" value="/home/jocean" />
    <property name="user.language" value="pt" />
    <property name="java.specification.vendor" value="Oracle Corporation" />
    <property name="java.version.date" value="2022-10-18" />
    <property name="java.home" value="/snap/eclipse/66/plugins/org.eclipse.justj.openjdk.hotspot.jre.full.linux.x86_64_17.0.5.v20221102-0933/jre" />
    <property name="file.separator" value="/" />
    <property name="basedir" value="/home/jocean/eclipse-workspace/exercicio" />
    <property name="java.vm.compressedOopsMode" value="32-bit" />
    <property name="line.separator" value="&#xa;" />
    <property name="ant.java.version" value="17" />
    <property name="java.vm.specification.vendor" value="Oracle Corporation" />
    <property name="java.specification.name" value="Java Platform API Specification" />
    <property name="doc.dir" value="docs" />
    <property name="sun.management.compiler" value="HotSpot 64-Bit Tiered Compilers" />
    <property name="java.runtime.version" value="17.0.5+8" />
    <property name="java.security.manager" value="allow" />
    <property name="user.name" value="jocean" />
    <property name="ant.file" value="/home/jocean/eclipse-workspace/exercicio/build.xml" />
    <property name="path.separator" value=":" />
    <property name="record.dir" value="/home/jocean/eclipse-workspace/exercicio/recordtest" />
    <property name="os.version" value="5.19.0-35-generic" />
    <property name="java.runtime.name" value="OpenJDK Runtime Environment" />
    <property name="file.encoding" value="UTF-8" />
    <property name="ant.project.invoked-targets" value="main" />
    <property name="java.vm.name" value="OpenJDK 64-Bit Server VM" />
    <property name="java.vendor.version" value="Temurin-17.0.5+8" />
    <property name="build.dir" value="/home/jocean/eclipse-workspace/exercicio/bin" />
    <property name="ant.core.lib" value="/snap/eclipse/66/plugins/org.apache.ant_1.10.12.v20211102-1452/lib/ant.jar" />
    <property name="java.vendor.url.bug" value="https://github.com/adoptium/adoptium-support/issues" />
    <property name="java.io.tmpdir" value="/tmp" />
    <property name="ant.file.Sample Project" value="/home/jocean/eclipse-workspace/exercicio/build.xml" />
    <property name="java.version" value="17.0.5" />
    <property name="user.dir" value="/home/jocean/eclipse-workspace/exercicio" />
    <property name="os.arch" value="amd64" />
    <property name="java.vm.specification.name" value="Java Virtual Machine Specification" />
    <property name="ant.home" value="/snap/eclipse/66/plugins/org.apache.ant_1.10.12.v20211102-1452" />
    <property name="native.encoding" value="UTF-8" />
    <property name="ant.version" value="Apache Ant(TM) version 1.10.12 compiled on October 13 2021" />
    <property name="java.library.path" value="/usr/java/packages/lib:/usr/lib64:/lib64:/lib:/usr/lib" />
    <property name="java.vendor" value="Eclipse Adoptium" />
    <property name="java.vm.info" value="mixed mode" />
    <property name="java.vm.version" value="17.0.5+8" />
    <property name="sun.io.unicode.encoding" value="UnicodeLittle" />
    <property name="java.class.version" value="61.0" />
    <property name="ant.project.default-target" value="main" />
  </properties>
  <testcase classname="exercicio.ValoresTest" name="testDel" time="0.011">
    <failure message="expected:&lt;152&gt; but was:&lt;-1&gt;" type="junit.framework.AssertionFailedError">junit.framework.AssertionFailedError: expected:&lt;152&gt; but was:&lt;-1&gt;
	at exercicio.ValoresTest.testDel(Unknown Source)
	at java.base/jdk.internal.reflect.NativeMethodAccessorImpl.invoke0(Native Method)
	at java.base/jdk.internal.reflect.NativeMethodAccessorImpl.invoke(NativeMethodAccessorImpl.java:77)
	at java.base/jdk.internal.reflect.DelegatingMethodAccessorImpl.invoke(DelegatingMethodAccessorImpl.java:43)
</failure>
  </testcase>
  <testcase classname="exercicio.ValoresTest" name="testIns" time="0.0" />
  <system-out><![CDATA[]]></system-out>
  <system-err><![CDATA[]]></system-err>
</testsuite>
